<?xml version="1.0" encoding="UTF-8"?>
<testsuite name="gov.in.pb.pollution.indtracker.SpringBootAppTest" time="3.357" tests="3" errors="0" skipped="0" failures="0">
  <properties>
[...]
</properties>
  <testcase name="testCRUD" classname="gov.in.pb.pollution.indtracker.SpringBootAppTest" time="2.607"/>
  <testcase name="testFindGame" classname="gov.in.pb.pollution.indtracker.SpringBootAppTest" time="0.349"/>
  <testcase name="loadGames" classname="gov.in.pb.pollution.indtracker.SpringBootAppTest" time="0.401"/>
</testsuite>